<?xml version="1.0" encoding="UTF-8"?>
<testng-results skipped="0" failed="0" ignored="0" total="1" passed="1">
  <reporter-output>
  </reporter-output>
  <suite name="Default suite" duration-ms="13818" started-at="2018-01-05T07:24:06Z" finished-at="2018-01-05T07:24:20Z">
    <groups>
    </groups>
    <test name="Default test" duration-ms="13818" started-at="2018-01-05T07:24:06Z" finished-at="2018-01-05T07:24:20Z">
      <class name="com.testng.execution.webrunner">
        <test-method status="PASS" signature="Register()[pri:0, instance:com.testng.execution.webrunner@5a1c0542]" name="Register" duration-ms="13785" started-at="2018-01-05T12:54:06Z" finished-at="2018-01-05T12:54:20Z">
          <reporter-output>
          </reporter-output>
        </test-method> <!-- Register -->
      </class> <!-- com.testng.execution.webrunner -->
    </test> <!-- Default test -->
  </suite> <!-- Default suite -->
</testng-results>
